<?xml version="1.0" encoding="UTF-8"?>
<testsuite xmlns:xsi="http://www.w3.org/2001/XMLSchema-instance" xsi:noNamespaceSchemaLocation="https://maven.apache.org/surefire/maven-surefire-plugin/xsd/surefire-test-report-3.0.xsd" version="3.0" name="com.java.microservices.limitsservice.LimitsServiceApplicationTests" time="6.673" tests="1" errors="0" skipped="0" failures="0">
  <properties>
[...]
</properties>
  <testcase name="contextLoads" classname="com.java.microservices.limitsservice.LimitsServiceApplicationTests" time="1.998">
    <system-out><![CDATA[16:52:43.479 [main] INFO org.springframework.test.context.support.AnnotationConfigContextLoaderUtils -- Could not detect default configuration classes for test class [com.java.microservices.limitsservice.LimitsServiceApplicationTests]: LimitsServiceApplicationTests does not declare any static, non-private, non-final, nested classes annotated with @Configuration.
16:52:43.726 [main] INFO org.springframework.boot.test.context.SpringBootTestContextBootstrapper -- Found @SpringBootConfiguration com.java.microservices.limitsservice.CartApplication for test class com.java.microservices.limitsservice.LimitsServiceApplicationTests

  .   ____          _            __ _ _
 /\\ / ___'_ __ _ _(_)_ __  __ _ \ \ \ \
( ( )\___ | '_ | '_| | '_ \/ _` | \ \ \ \
 \\/  ___)| |_)| | | | | || (_| |  ) ) ) )
  '  |____| .__|_| |_|_| |_\__, | / / / /
 =========|_|==============|___/=/_/_/_/
 :: Spring Boot ::                (v3.1.4)

2023-11-02T16:52:44.749+07:00  INFO 16132 --- [           main] c.j.m.l.LimitsServiceApplicationTests    : Starting LimitsServiceApplicationTests using Java 20.0.2 with PID 16132 (started by Admin in C:\Users\Admin\IdeaProjects\cart-service)
2023-11-02T16:52:44.752+07:00  INFO 16132 --- [           main] c.j.m.l.LimitsServiceApplicationTests    : No active profile set, falling back to 1 default profile: "default"
2023-11-02T16:52:47.698+07:00  INFO 16132 --- [           main] c.j.m.l.LimitsServiceApplicationTests    : Started LimitsServiceApplicationTests in 3.576 seconds (process running for 5.943)
]]></system-out>
  </testcase>
</testsuite>